<?xml version="1.0" encoding="UTF-8"?>
<robot generator="Robot 7.1.1 (Python 3.12.7 on win32)" generated="2024-11-23T23:15:59.889903" rpa="false" schemaversion="5">
<suite id="s1" name="Discussion" source="D:\Documents\Year3\ITDS362\Phase2\UI testing\discussion.robot">
<test id="s1-t1" name="Test Successful Discussion" line="22">
<kw name="Open Browser" owner="SeleniumLibrary">
<msg time="2024-11-23T23:16:00.143236" level="INFO">Opening browser 'Chrome' to base url 'http://45.136.236.146:8081/'.</msg>
<arg>${URL}</arg>
<arg>Chrome</arg>
<doc>Opens a new browser instance to the optional ``url``.</doc>
<status status="PASS" start="2024-11-23T23:16:00.143236" elapsed="2.604263"/>
</kw>
<kw name="Login To System">
<kw name="Click Element" owner="SeleniumLibrary">
<msg time="2024-11-23T23:16:02.750114" level="INFO">Clicking element 'xpath=//button[span[text()='Log In']]'.</msg>
<arg>xpath=//button[span[text()='Log In']]</arg>
<doc>Click the element identified by ``locator``.</doc>
<status status="PASS" start="2024-11-23T23:16:02.750114" elapsed="0.092004"/>
</kw>
<kw name="Wait Until Element Is Visible" owner="SeleniumLibrary">
<arg>//input[@name='identification']</arg>
<arg>timeout=5</arg>
<doc>Waits until the element ``locator`` is visible.</doc>
<status status="PASS" start="2024-11-23T23:16:02.842118" elapsed="0.246832"/>
</kw>
<kw name="Input Text" owner="SeleniumLibrary">
<msg time="2024-11-23T23:16:03.088950" level="INFO">Typing text 'u6587106' into text field '//input[@name='identification']'.</msg>
<arg>//input[@name='identification']</arg>
<arg>${USERNAME}</arg>
<doc>Types the given ``text`` into the text field identified by ``locator``.</doc>
<status status="PASS" start="2024-11-23T23:16:03.088950" elapsed="0.117758"/>
</kw>
<kw name="Input Text" owner="SeleniumLibrary">
<msg time="2024-11-23T23:16:03.206708" level="INFO">Typing text 'muict555' into text field 'name=password'.</msg>
<arg>name=password</arg>
<arg>${PASSWORD}</arg>
<doc>Types the given ``text`` into the text field identified by ``locator``.</doc>
<status status="PASS" start="2024-11-23T23:16:03.206708" elapsed="0.081308"/>
</kw>
<kw name="Click Button" owner="SeleniumLibrary">
<msg time="2024-11-23T23:16:03.289379" level="INFO">Clicking button '//button[@type='submit']'.</msg>
<arg>//button[@type='submit']</arg>
<doc>Clicks the button identified by ``locator``.</doc>
<status status="PASS" start="2024-11-23T23:16:03.288016" elapsed="0.084042"/>
</kw>
<status status="PASS" start="2024-11-23T23:16:02.749115" elapsed="0.622943"/>
</kw>
<kw name="Capture Page Screenshot" owner="SeleniumLibrary">
<msg time="2024-11-23T23:16:03.559465" level="INFO" html="true">&lt;/td&gt;&lt;/tr&gt;&lt;tr&gt;&lt;td colspan="3"&gt;&lt;a href="Screenshots/discussion_Pass/1_Login_Successful.png"&gt;&lt;img src="Screenshots/discussion_Pass/1_Login_Successful.png" width="800px"&gt;&lt;/a&gt;</msg>
<arg>${SCREENSHOT_DIR_discussion_Pass}1_Login_Successful.png</arg>
<doc>Takes a screenshot of the current page and embeds it into a log file.</doc>
<status status="PASS" start="2024-11-23T23:16:03.372058" elapsed="0.187407"/>
</kw>
<kw name="Click New Discussion">
<kw name="Wait Until Element Is Visible" owner="SeleniumLibrary">
<arg>xpath=//button[contains(@class, 'IndexPage-newDiscussion')]</arg>
<arg>timeout=10</arg>
<doc>Waits until the element ``locator`` is visible.</doc>
<status status="PASS" start="2024-11-23T23:16:03.559465" elapsed="0.020307"/>
</kw>
<kw name="Scroll Element Into View" owner="SeleniumLibrary">
<arg>xpath=//button[contains(@class, 'IndexPage-newDiscussion')]</arg>
<doc>Scrolls the element identified by ``locator`` into view.</doc>
<status status="PASS" start="2024-11-23T23:16:03.579772" elapsed="0.489955"/>
</kw>
<kw name="Wait Until Element Is Enabled" owner="SeleniumLibrary">
<arg>xpath=//button[contains(@class, 'IndexPage-newDiscussion')]</arg>
<arg>timeout=10</arg>
<doc>Waits until the element ``locator`` is enabled.</doc>
<status status="PASS" start="2024-11-23T23:16:04.069727" elapsed="0.021823"/>
</kw>
<kw name="Mouse Over" owner="SeleniumLibrary">
<msg time="2024-11-23T23:16:04.092897" level="INFO">Simulating Mouse Over on element 'xpath=//button[contains(@class, 'IndexPage-newDiscussion')]'.</msg>
<arg>xpath=//button[contains(@class, 'IndexPage-newDiscussion')]</arg>
<doc>Simulates hovering the mouse over the element ``locator``.</doc>
<status status="PASS" start="2024-11-23T23:16:04.091550" elapsed="0.275512"/>
</kw>
<kw name="Click Element" owner="SeleniumLibrary">
<msg time="2024-11-23T23:16:04.367062" level="INFO">Clicking element 'xpath=//button[contains(@class, 'IndexPage-newDiscussion')]'.</msg>
<arg>xpath=//button[contains(@class, 'IndexPage-newDiscussion')]</arg>
<doc>Click the element identified by ``locator``.</doc>
<status status="PASS" start="2024-11-23T23:16:04.367062" elapsed="0.086879"/>
</kw>
<kw name="Wait Until Element Is Visible" owner="SeleniumLibrary">
<arg>xpath=//button[contains(@class, 'IndexPage-newDiscussion')]</arg>
<arg>timeout=5</arg>
<doc>Waits until the element ``locator`` is visible.</doc>
<status status="PASS" start="2024-11-23T23:16:04.453941" elapsed="0.016694"/>
</kw>
<kw name="Click Element" owner="SeleniumLibrary">
<msg time="2024-11-23T23:16:04.471635" level="INFO">Clicking element 'xpath=//button[contains(@class, 'IndexPage-newDiscussion')]'.</msg>
<arg>xpath=//button[contains(@class, 'IndexPage-newDiscussion')]</arg>
<doc>Click the element identified by ``locator``.</doc>
<status status="PASS" start="2024-11-23T23:16:04.471635" elapsed="0.082544"/>
</kw>
<status status="PASS" start="2024-11-23T23:16:03.559465" elapsed="0.994714"/>
</kw>
<kw name="Capture Page Screenshot" owner="SeleniumLibrary">
<msg time="2024-11-23T23:16:04.808818" level="INFO" html="true">&lt;/td&gt;&lt;/tr&gt;&lt;tr&gt;&lt;td colspan="3"&gt;&lt;a href="Screenshots/discussion_Pass/2_New_Discussion_Clicked.png"&gt;&lt;img src="Screenshots/discussion_Pass/2_New_Discussion_Clicked.png" width="800px"&gt;&lt;/a&gt;</msg>
<arg>${SCREENSHOT_DIR_discussion_Pass}2_New_Discussion_Clicked.png</arg>
<doc>Takes a screenshot of the current page and embeds it into a log file.</doc>
<status status="PASS" start="2024-11-23T23:16:04.554179" elapsed="0.254639"/>
</kw>
<kw name="Wait Until Element Is Visible" owner="SeleniumLibrary">
<arg>xpath=//span[text()='Choose Tags']</arg>
<arg>timeout=10</arg>
<doc>Waits until the element ``locator`` is visible.</doc>
<status status="PASS" start="2024-11-23T23:16:04.808818" elapsed="0.014613"/>
</kw>
<kw name="Click Element" owner="SeleniumLibrary">
<msg time="2024-11-23T23:16:04.823431" level="INFO">Clicking element 'xpath=//span[contains(text(), 'Choose Tags')]'.</msg>
<arg>xpath=//span[contains(text(), 'Choose Tags')]</arg>
<doc>Click the element identified by ``locator``.</doc>
<status status="PASS" start="2024-11-23T23:16:04.823431" elapsed="0.077272"/>
</kw>
<kw name="Wait Until Element Is Visible" owner="SeleniumLibrary">
<arg>xpath=//div[contains(@class,'Modal-footer')]//ul[contains(@class,'SelectTagList')]//li[span[text()='General']]</arg>
<arg>timeout=5</arg>
<doc>Waits until the element ``locator`` is visible.</doc>
<status status="PASS" start="2024-11-23T23:16:04.900703" elapsed="0.231379"/>
</kw>
<kw name="Capture Page Screenshot" owner="SeleniumLibrary">
<msg time="2024-11-23T23:16:05.315684" level="INFO" html="true">&lt;/td&gt;&lt;/tr&gt;&lt;tr&gt;&lt;td colspan="3"&gt;&lt;a href="Screenshots/discussion_Pass/3_Tag_Selected.png"&gt;&lt;img src="Screenshots/discussion_Pass/3_Tag_Selected.png" width="800px"&gt;&lt;/a&gt;</msg>
<arg>${SCREENSHOT_DIR_discussion_Pass}3_Tag_Selected.png</arg>
<doc>Takes a screenshot of the current page and embeds it into a log file.</doc>
<status status="PASS" start="2024-11-23T23:16:05.132082" elapsed="0.184612"/>
</kw>
<kw name="Scroll Element Into View" owner="SeleniumLibrary">
<arg>xpath=//div[contains(@class,'Modal-footer')]//ul[contains(@class,'SelectTagList')]//li[span[text()='General']]</arg>
<doc>Scrolls the element identified by ``locator`` into view.</doc>
<status status="PASS" start="2024-11-23T23:16:05.316694" elapsed="0.272266"/>
</kw>
<kw name="Click Element" owner="SeleniumLibrary">
<msg time="2024-11-23T23:16:05.591971" level="INFO">Clicking element 'xpath=//div[contains(@class,'Modal-footer')]//ul[contains(@class,'SelectTagList')]//li[span[text()='General']]'.</msg>
<arg>xpath=//div[contains(@class,'Modal-footer')]//ul[contains(@class,'SelectTagList')]//li[span[text()='General']]</arg>
<doc>Click the element identified by ``locator``.</doc>
<status status="PASS" start="2024-11-23T23:16:05.590973" elapsed="0.085999"/>
</kw>
<kw name="Wait Until Element Is Visible" owner="SeleniumLibrary">
<arg>xpath=//div[contains(@class, 'TagDiscussionModal-form')]</arg>
<arg>timeout=5</arg>
<doc>Waits until the element ``locator`` is visible.</doc>
<status status="PASS" start="2024-11-23T23:16:05.677505" elapsed="0.015035"/>
</kw>
<kw name="Capture Page Screenshot" owner="SeleniumLibrary">
<msg time="2024-11-23T23:16:05.790011" level="INFO" html="true">&lt;/td&gt;&lt;/tr&gt;&lt;tr&gt;&lt;td colspan="3"&gt;&lt;a href="Screenshots/discussion_Pass/4_Tag_Entered.png"&gt;&lt;img src="Screenshots/discussion_Pass/4_Tag_Entered.png" width="800px"&gt;&lt;/a&gt;</msg>
<arg>${SCREENSHOT_DIR_discussion_Pass}4_Tag_Entered.png</arg>
<doc>Takes a screenshot of the current page and embeds it into a log file.</doc>
<status status="PASS" start="2024-11-23T23:16:05.692540" elapsed="0.097471"/>
</kw>
<kw name="Click Button" owner="SeleniumLibrary">
<msg time="2024-11-23T23:16:05.791213" level="INFO">Clicking button 'xpath=//div[contains(@class,'TagDiscussionModal-form-submit')]//button[span[text()='OK']]'.</msg>
<arg>xpath=//div[contains(@class,'TagDiscussionModal-form-submit')]//button[span[text()='OK']]</arg>
<doc>Clicks the button identified by ``locator``.</doc>
<status status="PASS" start="2024-11-23T23:16:05.790011" elapsed="0.104378"/>
</kw>
<kw name="Input Text" owner="SeleniumLibrary">
<msg time="2024-11-23T23:16:05.894389" level="INFO">Typing text 'Group8' into text field 'xpath=//li[@class='item-discussionTitle']//input[@class='FormControl']'.</msg>
<arg>xpath=//li[@class='item-discussionTitle']//input[@class='FormControl']</arg>
<arg>${VALID_TITLE}</arg>
<doc>Types the given ``text`` into the text field identified by ``locator``.</doc>
<status status="PASS" start="2024-11-23T23:16:05.894389" elapsed="0.117746"/>
</kw>
<kw name="Capture Page Screenshot" owner="SeleniumLibrary">
<msg time="2024-11-23T23:16:06.148565" level="INFO" html="true">&lt;/td&gt;&lt;/tr&gt;&lt;tr&gt;&lt;td colspan="3"&gt;&lt;a href="Screenshots/discussion_Pass/5_Title_Entered.png"&gt;&lt;img src="Screenshots/discussion_Pass/5_Title_Entered.png" width="800px"&gt;&lt;/a&gt;</msg>
<arg>${SCREENSHOT_DIR_discussion_Pass}5_Title_Entered.png</arg>
<doc>Takes a screenshot of the current page and embeds it into a log file.</doc>
<status status="PASS" start="2024-11-23T23:16:06.012135" elapsed="0.137566"/>
</kw>
<kw name="Input Text" owner="SeleniumLibrary">
<msg time="2024-11-23T23:16:06.150211" level="INFO">Typing text 'Test' into text field 'xpath=//textarea[@placeholder='Write a Post...']'.</msg>
<arg>xpath=//textarea[@placeholder='Write a Post...']</arg>
<arg>${VALID_POST}</arg>
<doc>Types the given ``text`` into the text field identified by ``locator``.</doc>
<status status="PASS" start="2024-11-23T23:16:06.149701" elapsed="0.092490"/>
</kw>
<kw name="Capture Page Screenshot" owner="SeleniumLibrary">
<msg time="2024-11-23T23:16:06.346339" level="INFO" html="true">&lt;/td&gt;&lt;/tr&gt;&lt;tr&gt;&lt;td colspan="3"&gt;&lt;a href="Screenshots/discussion_Pass/6_Post_Entered.png"&gt;&lt;img src="Screenshots/discussion_Pass/6_Post_Entered.png" width="800px"&gt;&lt;/a&gt;</msg>
<arg>${SCREENSHOT_DIR_discussion_Pass}6_Post_Entered.png</arg>
<doc>Takes a screenshot of the current page and embeds it into a log file.</doc>
<status status="PASS" start="2024-11-23T23:16:06.242191" elapsed="0.105527"/>
</kw>
<kw name="Click Button" owner="SeleniumLibrary">
<msg time="2024-11-23T23:16:06.348375" level="INFO">Clicking button 'xpath=//button[span[contains(text(), 'Post Discussion')]]'.</msg>
<arg>xpath=//button[span[contains(text(), 'Post Discussion')]]</arg>
<doc>Clicks the button identified by ``locator``.</doc>
<status status="PASS" start="2024-11-23T23:16:06.347718" elapsed="0.092390"/>
</kw>
<kw name="Capture Page Screenshot" owner="SeleniumLibrary">
<msg time="2024-11-23T23:16:06.622851" level="INFO" html="true">&lt;/td&gt;&lt;/tr&gt;&lt;tr&gt;&lt;td colspan="3"&gt;&lt;a href="Screenshots/discussion_Pass/7_Discussion_Posted.png"&gt;&lt;img src="Screenshots/discussion_Pass/7_Discussion_Posted.png" width="800px"&gt;&lt;/a&gt;</msg>
<arg>${SCREENSHOT_DIR_discussion_Pass}7_Discussion_Posted.png</arg>
<doc>Takes a screenshot of the current page and embeds it into a log file.</doc>
<status status="PASS" start="2024-11-23T23:16:06.440108" elapsed="0.183750"/>
</kw>
<kw name="Close Browser" owner="SeleniumLibrary">
<doc>Closes the current browser.</doc>
<status status="PASS" start="2024-11-23T23:16:06.623858" elapsed="2.269194"/>
</kw>
<status status="PASS" start="2024-11-23T23:16:00.138681" elapsed="8.755924"/>
</test>
<test id="s1-t2" name="Test Failed Discussion Invalid All" line="45">
<kw name="Open Browser" owner="SeleniumLibrary">
<msg time="2024-11-23T23:16:08.896301" level="INFO">Opening browser 'Chrome' to base url 'http://45.136.236.146:8081/'.</msg>
<arg>${URL}</arg>
<arg>Chrome</arg>
<doc>Opens a new browser instance to the optional ``url``.</doc>
<status status="PASS" start="2024-11-23T23:16:08.896301" elapsed="2.550588"/>
</kw>
<kw name="Login To System">
<kw name="Click Element" owner="SeleniumLibrary">
<msg time="2024-11-23T23:16:11.447899" level="INFO">Clicking element 'xpath=//button[span[text()='Log In']]'.</msg>
<arg>xpath=//button[span[text()='Log In']]</arg>
<doc>Click the element identified by ``locator``.</doc>
<status status="PASS" start="2024-11-23T23:16:11.447899" elapsed="0.094854"/>
</kw>
<kw name="Wait Until Element Is Visible" owner="SeleniumLibrary">
<arg>//input[@name='identification']</arg>
<arg>timeout=5</arg>
<doc>Waits until the element ``locator`` is visible.</doc>
<status status="PASS" start="2024-11-23T23:16:11.544138" elapsed="0.240746"/>
</kw>
<kw name="Input Text" owner="SeleniumLibrary">
<msg time="2024-11-23T23:16:11.784884" level="INFO">Typing text 'u6587106' into text field '//input[@name='identification']'.</msg>
<arg>//input[@name='identification']</arg>
<arg>${USERNAME}</arg>
<doc>Types the given ``text`` into the text field identified by ``locator``.</doc>
<status status="PASS" start="2024-11-23T23:16:11.784884" elapsed="0.114478"/>
</kw>
<kw name="Input Text" owner="SeleniumLibrary">
<msg time="2024-11-23T23:16:11.899867" level="INFO">Typing text 'muict555' into text field 'name=password'.</msg>
<arg>name=password</arg>
<arg>${PASSWORD}</arg>
<doc>Types the given ``text`` into the text field identified by ``locator``.</doc>
<status status="PASS" start="2024-11-23T23:16:11.899362" elapsed="0.080818"/>
</kw>
<kw name="Click Button" owner="SeleniumLibrary">
<msg time="2024-11-23T23:16:11.981298" level="INFO">Clicking button '//button[@type='submit']'.</msg>
<arg>//button[@type='submit']</arg>
<doc>Clicks the button identified by ``locator``.</doc>
<status status="PASS" start="2024-11-23T23:16:11.981011" elapsed="0.076144"/>
</kw>
<status status="PASS" start="2024-11-23T23:16:11.446889" elapsed="0.610266"/>
</kw>
<kw name="Capture Page Screenshot" owner="SeleniumLibrary">
<msg time="2024-11-23T23:16:12.436552" level="INFO" html="true">&lt;/td&gt;&lt;/tr&gt;&lt;tr&gt;&lt;td colspan="3"&gt;&lt;a href="Screenshots/discussion_Fail_IncalidAll/1_Login_Successful.png"&gt;&lt;img src="Screenshots/discussion_Fail_IncalidAll/1_Login_Successful.png" width="800px"&gt;&lt;/a&gt;</msg>
<arg>${SCREENSHOT_DIR_discussion_Fail_Invalid_All}1_Login_Successful.png</arg>
<doc>Takes a screenshot of the current page and embeds it into a log file.</doc>
<status status="PASS" start="2024-11-23T23:16:12.057155" elapsed="0.379397"/>
</kw>
<kw name="Click New Discussion">
<kw name="Wait Until Element Is Visible" owner="SeleniumLibrary">
<arg>xpath=//button[contains(@class, 'IndexPage-newDiscussion')]</arg>
<arg>timeout=10</arg>
<doc>Waits until the element ``locator`` is visible.</doc>
<status status="PASS" start="2024-11-23T23:16:12.437554" elapsed="0.018766"/>
</kw>
<kw name="Scroll Element Into View" owner="SeleniumLibrary">
<arg>xpath=//button[contains(@class, 'IndexPage-newDiscussion')]</arg>
<doc>Scrolls the element identified by ``locator`` into view.</doc>
<status status="PASS" start="2024-11-23T23:16:12.456320" elapsed="0.284847"/>
</kw>
<kw name="Wait Until Element Is Enabled" owner="SeleniumLibrary">
<arg>xpath=//button[contains(@class, 'IndexPage-newDiscussion')]</arg>
<arg>timeout=10</arg>
<doc>Waits until the element ``locator`` is enabled.</doc>
<status status="PASS" start="2024-11-23T23:16:12.741167" elapsed="0.062320"/>
</kw>
<kw name="Mouse Over" owner="SeleniumLibrary">
<msg time="2024-11-23T23:16:12.803487" level="INFO">Simulating Mouse Over on element 'xpath=//button[contains(@class, 'IndexPage-newDiscussion')]'.</msg>
<arg>xpath=//button[contains(@class, 'IndexPage-newDiscussion')]</arg>
<doc>Simulates hovering the mouse over the element ``locator``.</doc>
<status status="PASS" start="2024-11-23T23:16:12.803487" elapsed="0.279752"/>
</kw>
<kw name="Click Element" owner="SeleniumLibrary">
<msg time="2024-11-23T23:16:13.083239" level="INFO">Clicking element 'xpath=//button[contains(@class, 'IndexPage-newDiscussion')]'.</msg>
<arg>xpath=//button[contains(@class, 'IndexPage-newDiscussion')]</arg>
<doc>Click the element identified by ``locator``.</doc>
<status status="PASS" start="2024-11-23T23:16:13.083239" elapsed="0.092790"/>
</kw>
<kw name="Wait Until Element Is Visible" owner="SeleniumLibrary">
<arg>xpath=//button[contains(@class, 'IndexPage-newDiscussion')]</arg>
<arg>timeout=5</arg>
<doc>Waits until the element ``locator`` is visible.</doc>
<status status="PASS" start="2024-11-23T23:16:13.176029" elapsed="0.019576"/>
</kw>
<kw name="Click Element" owner="SeleniumLibrary">
<msg time="2024-11-23T23:16:13.196109" level="INFO">Clicking element 'xpath=//button[contains(@class, 'IndexPage-newDiscussion')]'.</msg>
<arg>xpath=//button[contains(@class, 'IndexPage-newDiscussion')]</arg>
<doc>Click the element identified by ``locator``.</doc>
<status status="PASS" start="2024-11-23T23:16:13.196109" elapsed="0.082289"/>
</kw>
<status status="PASS" start="2024-11-23T23:16:12.437554" elapsed="0.840844"/>
</kw>
<kw name="Capture Page Screenshot" owner="SeleniumLibrary">
<msg time="2024-11-23T23:16:13.516469" level="INFO" html="true">&lt;/td&gt;&lt;/tr&gt;&lt;tr&gt;&lt;td colspan="3"&gt;&lt;a href="Screenshots/discussion_Fail_IncalidAll/2_New_Discussion_Clicked.png"&gt;&lt;img src="Screenshots/discussion_Fail_IncalidAll/2_New_Discussion_Clicked.png" width="800px"&gt;&lt;/a&gt;</msg>
<arg>${SCREENSHOT_DIR_discussion_Fail_Invalid_All}2_New_Discussion_Clicked.png</arg>
<doc>Takes a screenshot of the current page and embeds it into a log file.</doc>
<status status="PASS" start="2024-11-23T23:16:13.279891" elapsed="0.236578"/>
</kw>
<kw name="Input Text" owner="SeleniumLibrary">
<msg time="2024-11-23T23:16:13.517486" level="INFO">Typing text '' into text field 'xpath=//input[@placeholder='Discussion Title']'.</msg>
<arg>xpath=//input[@placeholder='Discussion Title']</arg>
<arg>${INVALID_TITLE}</arg>
<doc>Types the given ``text`` into the text field identified by ``locator``.</doc>
<status status="PASS" start="2024-11-23T23:16:13.517486" elapsed="0.049840"/>
</kw>
<kw name="Input Text" owner="SeleniumLibrary">
<msg time="2024-11-23T23:16:13.569464" level="INFO">Typing text '' into text field 'xpath=//textarea[@placeholder='Write a Post...']'.</msg>
<arg>xpath=//textarea[@placeholder='Write a Post...']</arg>
<arg>${INVALID_POST}</arg>
<doc>Types the given ``text`` into the text field identified by ``locator``.</doc>
<status status="PASS" start="2024-11-23T23:16:13.569464" elapsed="0.061504"/>
</kw>
<kw name="Wait Until Element Is Visible" owner="SeleniumLibrary">
<arg>xpath=//button[span[contains(text(), 'Post Discussion')]]</arg>
<arg>timeout=5</arg>
<doc>Waits until the element ``locator`` is visible.</doc>
<status status="PASS" start="2024-11-23T23:16:13.630968" elapsed="0.015522"/>
</kw>
<kw name="Scroll Element Into View" owner="SeleniumLibrary">
<arg>xpath=//button[span[contains(text(), 'Post Discussion')]]</arg>
<doc>Scrolls the element identified by ``locator`` into view.</doc>
<status status="PASS" start="2024-11-23T23:16:13.647543" elapsed="0.283331"/>
</kw>
<kw name="Click Button" owner="SeleniumLibrary">
<msg time="2024-11-23T23:16:13.930874" level="INFO">Clicking button 'xpath=//button[span[contains(text(), 'Post Discussion')]]'.</msg>
<arg>xpath=//button[span[contains(text(), 'Post Discussion')]]</arg>
<doc>Clicks the button identified by ``locator``.</doc>
<status status="PASS" start="2024-11-23T23:16:13.930874" elapsed="0.133447"/>
</kw>
<kw name="Capture Page Screenshot" owner="SeleniumLibrary">
<msg time="2024-11-23T23:16:14.216857" level="INFO" html="true">&lt;/td&gt;&lt;/tr&gt;&lt;tr&gt;&lt;td colspan="3"&gt;&lt;a href="Screenshots/discussion_Fail_IncalidAll/3_Invalid_All%26Post.png"&gt;&lt;img src="Screenshots/discussion_Fail_IncalidAll/3_Invalid_All%26Post.png" width="800px"&gt;&lt;/a&gt;</msg>
<arg>${SCREENSHOT_DIR_discussion_Fail_Invalid_All}3_Invalid_All&amp;Post.png</arg>
<doc>Takes a screenshot of the current page and embeds it into a log file.</doc>
<status status="PASS" start="2024-11-23T23:16:14.064321" elapsed="0.152536"/>
</kw>
<kw name="Wait Until Element Is Visible" owner="SeleniumLibrary">
<arg>xpath=//span[text()='Choose Tags']</arg>
<arg>timeout=10</arg>
<doc>Waits until the element ``locator`` is visible.</doc>
<status status="PASS" start="2024-11-23T23:16:14.216857" elapsed="0.021498"/>
</kw>
<kw name="Capture Page Screenshot" owner="SeleniumLibrary">
<msg time="2024-11-23T23:16:14.347795" level="INFO" html="true">&lt;/td&gt;&lt;/tr&gt;&lt;tr&gt;&lt;td colspan="3"&gt;&lt;a href="Screenshots/discussion_Fail_IncalidAll/4_Tag_Selected.png"&gt;&lt;img src="Screenshots/discussion_Fail_IncalidAll/4_Tag_Selected.png" width="800px"&gt;&lt;/a&gt;</msg>
<arg>${SCREENSHOT_DIR_discussion_Fail_Invalid_All}4_Tag_Selected.png</arg>
<doc>Takes a screenshot of the current page and embeds it into a log file.</doc>
<status status="PASS" start="2024-11-23T23:16:14.238355" elapsed="0.109440"/>
</kw>
<kw name="Close Browser" owner="SeleniumLibrary">
<doc>Closes the current browser.</doc>
<status status="PASS" start="2024-11-23T23:16:14.347795" elapsed="2.265141"/>
</kw>
<status status="PASS" start="2024-11-23T23:16:08.896301" elapsed="7.716635"/>
</test>
<test id="s1-t3" name="Test Failed Discussion Invalid Title and Write a Post" line="61">
<kw name="Open Browser" owner="SeleniumLibrary">
<msg time="2024-11-23T23:16:16.614508" level="INFO">Opening browser 'Chrome' to base url 'http://45.136.236.146:8081/'.</msg>
<arg>${URL}</arg>
<arg>Chrome</arg>
<doc>Opens a new browser instance to the optional ``url``.</doc>
<status status="PASS" start="2024-11-23T23:16:16.614508" elapsed="2.442601"/>
</kw>
<kw name="Login To System">
<kw name="Click Element" owner="SeleniumLibrary">
<msg time="2024-11-23T23:16:19.057109" level="INFO">Clicking element 'xpath=//button[span[text()='Log In']]'.</msg>
<arg>xpath=//button[span[text()='Log In']]</arg>
<doc>Click the element identified by ``locator``.</doc>
<status status="PASS" start="2024-11-23T23:16:19.057109" elapsed="0.095175"/>
</kw>
<kw name="Wait Until Element Is Visible" owner="SeleniumLibrary">
<arg>//input[@name='identification']</arg>
<arg>timeout=5</arg>
<doc>Waits until the element ``locator`` is visible.</doc>
<status status="PASS" start="2024-11-23T23:16:19.152284" elapsed="0.238495"/>
</kw>
<kw name="Input Text" owner="SeleniumLibrary">
<msg time="2024-11-23T23:16:19.390779" level="INFO">Typing text 'u6587106' into text field '//input[@name='identification']'.</msg>
<arg>//input[@name='identification']</arg>
<arg>${USERNAME}</arg>
<doc>Types the given ``text`` into the text field identified by ``locator``.</doc>
<status status="PASS" start="2024-11-23T23:16:19.390779" elapsed="0.110358"/>
</kw>
<kw name="Input Text" owner="SeleniumLibrary">
<msg time="2024-11-23T23:16:19.502470" level="INFO">Typing text 'muict555' into text field 'name=password'.</msg>
<arg>name=password</arg>
<arg>${PASSWORD}</arg>
<doc>Types the given ``text`` into the text field identified by ``locator``.</doc>
<status status="PASS" start="2024-11-23T23:16:19.501137" elapsed="0.085569"/>
</kw>
<kw name="Click Button" owner="SeleniumLibrary">
<msg time="2024-11-23T23:16:19.587229" level="INFO">Clicking button '//button[@type='submit']'.</msg>
<arg>//button[@type='submit']</arg>
<doc>Clicks the button identified by ``locator``.</doc>
<status status="PASS" start="2024-11-23T23:16:19.586706" elapsed="0.081746"/>
</kw>
<status status="PASS" start="2024-11-23T23:16:19.057109" elapsed="0.611343"/>
</kw>
<kw name="Capture Page Screenshot" owner="SeleniumLibrary">
<msg time="2024-11-23T23:16:20.123171" level="INFO" html="true">&lt;/td&gt;&lt;/tr&gt;&lt;tr&gt;&lt;td colspan="3"&gt;&lt;a href="Screenshots/discussion_Fail_IncalidTitle_Write/1_Login_Successful.png"&gt;&lt;img src="Screenshots/discussion_Fail_IncalidTitle_Write/1_Login_Successful.png" width="800px"&gt;&lt;/a&gt;</msg>
<arg>${SCREENSHOT_DIR_discussion_Fail_Invalid_Title_Write}1_Login_Successful.png</arg>
<doc>Takes a screenshot of the current page and embeds it into a log file.</doc>
<status status="PASS" start="2024-11-23T23:16:19.668452" elapsed="0.454719"/>
</kw>
<kw name="Click New Discussion">
<kw name="Wait Until Element Is Visible" owner="SeleniumLibrary">
<arg>xpath=//button[contains(@class, 'IndexPage-newDiscussion')]</arg>
<arg>timeout=10</arg>
<doc>Waits until the element ``locator`` is visible.</doc>
<status status="PASS" start="2024-11-23T23:16:20.124241" elapsed="0.017512"/>
</kw>
<kw name="Scroll Element Into View" owner="SeleniumLibrary">
<arg>xpath=//button[contains(@class, 'IndexPage-newDiscussion')]</arg>
<doc>Scrolls the element identified by ``locator`` into view.</doc>
<status status="PASS" start="2024-11-23T23:16:20.141753" elapsed="0.287195"/>
</kw>
<kw name="Wait Until Element Is Enabled" owner="SeleniumLibrary">
<arg>xpath=//button[contains(@class, 'IndexPage-newDiscussion')]</arg>
<arg>timeout=10</arg>
<doc>Waits until the element ``locator`` is enabled.</doc>
<status status="PASS" start="2024-11-23T23:16:20.428948" elapsed="0.065707"/>
</kw>
<kw name="Mouse Over" owner="SeleniumLibrary">
<msg time="2024-11-23T23:16:20.497082" level="INFO">Simulating Mouse Over on element 'xpath=//button[contains(@class, 'IndexPage-newDiscussion')]'.</msg>
<arg>xpath=//button[contains(@class, 'IndexPage-newDiscussion')]</arg>
<doc>Simulates hovering the mouse over the element ``locator``.</doc>
<status status="PASS" start="2024-11-23T23:16:20.494655" elapsed="0.276227"/>
</kw>
<kw name="Click Element" owner="SeleniumLibrary">
<msg time="2024-11-23T23:16:20.770882" level="INFO">Clicking element 'xpath=//button[contains(@class, 'IndexPage-newDiscussion')]'.</msg>
<arg>xpath=//button[contains(@class, 'IndexPage-newDiscussion')]</arg>
<doc>Click the element identified by ``locator``.</doc>
<status status="PASS" start="2024-11-23T23:16:20.770882" elapsed="0.119275"/>
</kw>
<kw name="Wait Until Element Is Visible" owner="SeleniumLibrary">
<arg>xpath=//button[contains(@class, 'IndexPage-newDiscussion')]</arg>
<arg>timeout=5</arg>
<doc>Waits until the element ``locator`` is visible.</doc>
<status status="PASS" start="2024-11-23T23:16:20.891645" elapsed="0.015084"/>
</kw>
<kw name="Click Element" owner="SeleniumLibrary">
<msg time="2024-11-23T23:16:20.906729" level="INFO">Clicking element 'xpath=//button[contains(@class, 'IndexPage-newDiscussion')]'.</msg>
<arg>xpath=//button[contains(@class, 'IndexPage-newDiscussion')]</arg>
<doc>Click the element identified by ``locator``.</doc>
<status status="PASS" start="2024-11-23T23:16:20.906729" elapsed="0.067215"/>
</kw>
<status status="PASS" start="2024-11-23T23:16:20.123171" elapsed="0.850773"/>
</kw>
<kw name="Capture Page Screenshot" owner="SeleniumLibrary">
<msg time="2024-11-23T23:16:21.218905" level="INFO" html="true">&lt;/td&gt;&lt;/tr&gt;&lt;tr&gt;&lt;td colspan="3"&gt;&lt;a href="Screenshots/discussion_Fail_IncalidTitle_Write/2_New_Discussion_Clicked.png"&gt;&lt;img src="Screenshots/discussion_Fail_IncalidTitle_Write/2_New_Discussion_Clicked.png" width="800px"&gt;&lt;/a&gt;</msg>
<arg>${SCREENSHOT_DIR_discussion_Fail_Invalid_Title_Write}2_New_Discussion_Clicked.png</arg>
<doc>Takes a screenshot of the current page and embeds it into a log file.</doc>
<status status="PASS" start="2024-11-23T23:16:20.975216" elapsed="0.243689"/>
</kw>
<kw name="Wait Until Element Is Visible" owner="SeleniumLibrary">
<arg>xpath=//span[text()='Choose Tags']</arg>
<arg>timeout=10</arg>
<doc>Waits until the element ``locator`` is visible.</doc>
<status status="PASS" start="2024-11-23T23:16:21.218905" elapsed="0.027851"/>
</kw>
<kw name="Click Element" owner="SeleniumLibrary">
<msg time="2024-11-23T23:16:21.247761" level="INFO">Clicking element 'xpath=//span[contains(text(), 'Choose Tags')]'.</msg>
<arg>xpath=//span[contains(text(), 'Choose Tags')]</arg>
<doc>Click the element identified by ``locator``.</doc>
<status status="PASS" start="2024-11-23T23:16:21.247761" elapsed="0.070013"/>
</kw>
<kw name="Wait Until Element Is Visible" owner="SeleniumLibrary">
<arg>xpath=//div[contains(@class,'Modal-footer')]//ul[contains(@class,'SelectTagList')]//li[span[text()='General']]</arg>
<arg>timeout=5</arg>
<doc>Waits until the element ``locator`` is visible.</doc>
<status status="PASS" start="2024-11-23T23:16:21.317774" elapsed="0.235804"/>
</kw>
<kw name="Scroll Element Into View" owner="SeleniumLibrary">
<arg>xpath=//div[contains(@class,'Modal-footer')]//ul[contains(@class,'SelectTagList')]//li[span[text()='General']]</arg>
<doc>Scrolls the element identified by ``locator`` into view.</doc>
<status status="PASS" start="2024-11-23T23:16:21.553578" elapsed="0.287530"/>
</kw>
<kw name="Click Element" owner="SeleniumLibrary">
<msg time="2024-11-23T23:16:21.849496" level="INFO">Clicking element 'xpath=//div[contains(@class,'Modal-footer')]//ul[contains(@class,'SelectTagList')]//li[span[text()='General']]'.</msg>
<arg>xpath=//div[contains(@class,'Modal-footer')]//ul[contains(@class,'SelectTagList')]//li[span[text()='General']]</arg>
<doc>Click the element identified by ``locator``.</doc>
<status status="PASS" start="2024-11-23T23:16:21.849496" elapsed="0.106073"/>
</kw>
<kw name="Capture Page Screenshot" owner="SeleniumLibrary">
<msg time="2024-11-23T23:16:22.083993" level="INFO" html="true">&lt;/td&gt;&lt;/tr&gt;&lt;tr&gt;&lt;td colspan="3"&gt;&lt;a href="Screenshots/discussion_Fail_IncalidTitle_Write/3_Tag_Entered.png"&gt;&lt;img src="Screenshots/discussion_Fail_IncalidTitle_Write/3_Tag_Entered.png" width="800px"&gt;&lt;/a&gt;</msg>
<arg>${SCREENSHOT_DIR_discussion_Fail_Invalid_Title_Write}3_Tag_Entered.png</arg>
<doc>Takes a screenshot of the current page and embeds it into a log file.</doc>
<status status="PASS" start="2024-11-23T23:16:21.955569" elapsed="0.128927"/>
</kw>
<kw name="Click Button" owner="SeleniumLibrary">
<msg time="2024-11-23T23:16:22.084496" level="INFO">Clicking button 'xpath=//div[contains(@class,'TagDiscussionModal-form-submit')]//button[span[text()='OK']]'.</msg>
<arg>xpath=//div[contains(@class,'TagDiscussionModal-form-submit')]//button[span[text()='OK']]</arg>
<doc>Clicks the button identified by ``locator``.</doc>
<status status="PASS" start="2024-11-23T23:16:22.084496" elapsed="0.076266"/>
</kw>
<kw name="Input Text" owner="SeleniumLibrary">
<msg time="2024-11-23T23:16:22.161833" level="INFO">Typing text '' into text field 'xpath=//input[@placeholder='Discussion Title']'.</msg>
<arg>xpath=//input[@placeholder='Discussion Title']</arg>
<arg>${INVALID_TITLE}</arg>
<doc>Types the given ``text`` into the text field identified by ``locator``.</doc>
<status status="PASS" start="2024-11-23T23:16:22.161833" elapsed="0.075596"/>
</kw>
<kw name="Input Text" owner="SeleniumLibrary">
<msg time="2024-11-23T23:16:22.238442" level="INFO">Typing text '' into text field 'xpath=//textarea[@placeholder='Write a Post...']'.</msg>
<arg>xpath=//textarea[@placeholder='Write a Post...']</arg>
<arg>${INVALID_POST}</arg>
<doc>Types the given ``text`` into the text field identified by ``locator``.</doc>
<status status="PASS" start="2024-11-23T23:16:22.237429" elapsed="0.072792"/>
</kw>
<kw name="Capture Page Screenshot" owner="SeleniumLibrary">
<msg time="2024-11-23T23:16:22.432353" level="INFO" html="true">&lt;/td&gt;&lt;/tr&gt;&lt;tr&gt;&lt;td colspan="3"&gt;&lt;a href="Screenshots/discussion_Fail_IncalidTitle_Write/4_Invalid_Title_Write%26Post.png"&gt;&lt;img src="Screenshots/discussion_Fail_IncalidTitle_Write/4_Invalid_Title_Write%26Post.png" width="800px"&gt;&lt;/a&gt;</msg>
<arg>${SCREENSHOT_DIR_discussion_Fail_Invalid_Title_Write}4_Invalid_Title_Write&amp;Post.png</arg>
<doc>Takes a screenshot of the current page and embeds it into a log file.</doc>
<status status="PASS" start="2024-11-23T23:16:22.311715" elapsed="0.120638"/>
</kw>
<kw name="Click Button" owner="SeleniumLibrary">
<msg time="2024-11-23T23:16:22.432353" level="INFO">Clicking button 'xpath=//button[span[contains(text(), 'Post Discussion')]]'.</msg>
<arg>xpath=//button[span[contains(text(), 'Post Discussion')]]</arg>
<doc>Clicks the button identified by ``locator``.</doc>
<status status="PASS" start="2024-11-23T23:16:22.432353" elapsed="0.118386"/>
</kw>
<kw name="Wait Until Element Is Visible" owner="SeleniumLibrary">
<arg>xpath=//div[@id='alerts']//span[@class='Alert-body']</arg>
<arg>timeout=5</arg>
<doc>Waits until the element ``locator`` is visible.</doc>
<status status="PASS" start="2024-11-23T23:16:22.550739" elapsed="0.222592"/>
</kw>
<kw name="Element Should Contain" owner="SeleniumLibrary">
<msg time="2024-11-23T23:16:22.788974" level="INFO">Element 'xpath=//div[@id='alerts']//span[@class='Alert-body']' contains text 'The title field is required.'.</msg>
<arg>xpath=//div[@id='alerts']//span[@class='Alert-body']</arg>
<arg>The title field is required.</arg>
<doc>Verifies that element ``locator`` contains text ``expected``.</doc>
<status status="PASS" start="2024-11-23T23:16:22.773331" elapsed="0.015643"/>
</kw>
<kw name="Capture Page Screenshot" owner="SeleniumLibrary">
<msg time="2024-11-23T23:16:22.903700" level="INFO" html="true">&lt;/td&gt;&lt;/tr&gt;&lt;tr&gt;&lt;td colspan="3"&gt;&lt;a href="Screenshots/discussion_Fail_IncalidTitle_Write/5_Alert_title_field.png"&gt;&lt;img src="Screenshots/discussion_Fail_IncalidTitle_Write/5_Alert_title_field.png" width="800px"&gt;&lt;/a&gt;</msg>
<arg>${SCREENSHOT_DIR_discussion_Fail_Invalid_Title_Write}5_Alert_title_field.png</arg>
<doc>Takes a screenshot of the current page and embeds it into a log file.</doc>
<status status="PASS" start="2024-11-23T23:16:22.788974" elapsed="0.115716"/>
</kw>
<kw name="Click Button" owner="SeleniumLibrary">
<msg time="2024-11-23T23:16:22.904690" level="INFO">Clicking button 'xpath=//div[@id='alerts']//button[@aria-label='Dismiss alert']'.</msg>
<arg>xpath=//div[@id='alerts']//button[@aria-label='Dismiss alert']</arg>
<doc>Clicks the button identified by ``locator``.</doc>
<status status="PASS" start="2024-11-23T23:16:22.904690" elapsed="0.079726"/>
</kw>
<kw name="Close Browser" owner="SeleniumLibrary">
<doc>Closes the current browser.</doc>
<status status="PASS" start="2024-11-23T23:16:22.984416" elapsed="2.256608"/>
</kw>
<status status="PASS" start="2024-11-23T23:16:16.613973" elapsed="8.627051"/>
</test>
<test id="s1-t4" name="Test Failed Discussion Invalid Title least 3 characters." line="84">
<kw name="Open Browser" owner="SeleniumLibrary">
<msg time="2024-11-23T23:16:25.241024" level="INFO">Opening browser 'Chrome' to base url 'http://45.136.236.146:8081/'.</msg>
<arg>${URL}</arg>
<arg>Chrome</arg>
<doc>Opens a new browser instance to the optional ``url``.</doc>
<status status="PASS" start="2024-11-23T23:16:25.241024" elapsed="2.568606"/>
</kw>
<kw name="Login To System">
<kw name="Click Element" owner="SeleniumLibrary">
<msg time="2024-11-23T23:16:27.811472" level="INFO">Clicking element 'xpath=//button[span[text()='Log In']]'.</msg>
<arg>xpath=//button[span[text()='Log In']]</arg>
<doc>Click the element identified by ``locator``.</doc>
<status status="PASS" start="2024-11-23T23:16:27.811472" elapsed="0.094168"/>
</kw>
<kw name="Wait Until Element Is Visible" owner="SeleniumLibrary">
<arg>//input[@name='identification']</arg>
<arg>timeout=5</arg>
<doc>Waits until the element ``locator`` is visible.</doc>
<status status="PASS" start="2024-11-23T23:16:27.905640" elapsed="0.239712"/>
</kw>
<kw name="Input Text" owner="SeleniumLibrary">
<msg time="2024-11-23T23:16:28.145352" level="INFO">Typing text 'u6587106' into text field '//input[@name='identification']'.</msg>
<arg>//input[@name='identification']</arg>
<arg>${USERNAME}</arg>
<doc>Types the given ``text`` into the text field identified by ``locator``.</doc>
<status status="PASS" start="2024-11-23T23:16:28.145352" elapsed="0.111631"/>
</kw>
<kw name="Input Text" owner="SeleniumLibrary">
<msg time="2024-11-23T23:16:28.258731" level="INFO">Typing text 'muict555' into text field 'name=password'.</msg>
<arg>name=password</arg>
<arg>${PASSWORD}</arg>
<doc>Types the given ``text`` into the text field identified by ``locator``.</doc>
<status status="PASS" start="2024-11-23T23:16:28.258731" elapsed="0.084887"/>
</kw>
<kw name="Click Button" owner="SeleniumLibrary">
<msg time="2024-11-23T23:16:28.344124" level="INFO">Clicking button '//button[@type='submit']'.</msg>
<arg>//button[@type='submit']</arg>
<doc>Clicks the button identified by ``locator``.</doc>
<status status="PASS" start="2024-11-23T23:16:28.343618" elapsed="0.079308"/>
</kw>
<status status="PASS" start="2024-11-23T23:16:27.810916" elapsed="0.612010"/>
</kw>
<kw name="Capture Page Screenshot" owner="SeleniumLibrary">
<msg time="2024-11-23T23:16:28.807517" level="INFO" html="true">&lt;/td&gt;&lt;/tr&gt;&lt;tr&gt;&lt;td colspan="3"&gt;&lt;a href="Screenshots/discussion_Fail_Title_Least3/1_Login_Successful.png"&gt;&lt;img src="Screenshots/discussion_Fail_Title_Least3/1_Login_Successful.png" width="800px"&gt;&lt;/a&gt;</msg>
<arg>${SCREENSHOT_DIR_discussion_Fail_Title_Least3}1_Login_Successful.png</arg>
<doc>Takes a screenshot of the current page and embeds it into a log file.</doc>
<status status="PASS" start="2024-11-23T23:16:28.422926" elapsed="0.384591"/>
</kw>
<kw name="Click New Discussion">
<kw name="Wait Until Element Is Visible" owner="SeleniumLibrary">
<arg>xpath=//button[contains(@class, 'IndexPage-newDiscussion')]</arg>
<arg>timeout=10</arg>
<doc>Waits until the element ``locator`` is visible.</doc>
<status status="PASS" start="2024-11-23T23:16:28.808525" elapsed="0.016803"/>
</kw>
<kw name="Scroll Element Into View" owner="SeleniumLibrary">
<arg>xpath=//button[contains(@class, 'IndexPage-newDiscussion')]</arg>
<doc>Scrolls the element identified by ``locator`` into view.</doc>
<status status="PASS" start="2024-11-23T23:16:28.825328" elapsed="0.284577"/>
</kw>
<kw name="Wait Until Element Is Enabled" owner="SeleniumLibrary">
<arg>xpath=//button[contains(@class, 'IndexPage-newDiscussion')]</arg>
<arg>timeout=10</arg>
<doc>Waits until the element ``locator`` is enabled.</doc>
<status status="PASS" start="2024-11-23T23:16:29.109905" elapsed="0.064262"/>
</kw>
<kw name="Mouse Over" owner="SeleniumLibrary">
<msg time="2024-11-23T23:16:29.174167" level="INFO">Simulating Mouse Over on element 'xpath=//button[contains(@class, 'IndexPage-newDiscussion')]'.</msg>
<arg>xpath=//button[contains(@class, 'IndexPage-newDiscussion')]</arg>
<doc>Simulates hovering the mouse over the element ``locator``.</doc>
<status status="PASS" start="2024-11-23T23:16:29.174167" elapsed="0.275942"/>
</kw>
<kw name="Click Element" owner="SeleniumLibrary">
<msg time="2024-11-23T23:16:29.450109" level="INFO">Clicking element 'xpath=//button[contains(@class, 'IndexPage-newDiscussion')]'.</msg>
<arg>xpath=//button[contains(@class, 'IndexPage-newDiscussion')]</arg>
<doc>Click the element identified by ``locator``.</doc>
<status status="PASS" start="2024-11-23T23:16:29.450109" elapsed="0.098148"/>
</kw>
<kw name="Wait Until Element Is Visible" owner="SeleniumLibrary">
<arg>xpath=//button[contains(@class, 'IndexPage-newDiscussion')]</arg>
<arg>timeout=5</arg>
<doc>Waits until the element ``locator`` is visible.</doc>
<status status="PASS" start="2024-11-23T23:16:29.548257" elapsed="0.016408"/>
</kw>
<kw name="Click Element" owner="SeleniumLibrary">
<msg time="2024-11-23T23:16:29.565169" level="INFO">Clicking element 'xpath=//button[contains(@class, 'IndexPage-newDiscussion')]'.</msg>
<arg>xpath=//button[contains(@class, 'IndexPage-newDiscussion')]</arg>
<doc>Click the element identified by ``locator``.</doc>
<status status="PASS" start="2024-11-23T23:16:29.564665" elapsed="0.060103"/>
</kw>
<status status="PASS" start="2024-11-23T23:16:28.808525" elapsed="0.830889"/>
</kw>
<kw name="Capture Page Screenshot" owner="SeleniumLibrary">
<msg time="2024-11-23T23:16:29.931135" level="INFO" html="true">&lt;/td&gt;&lt;/tr&gt;&lt;tr&gt;&lt;td colspan="3"&gt;&lt;a href="Screenshots/discussion_Fail_Title_Least3/2_New_Discussion_Clicked.png"&gt;&lt;img src="Screenshots/discussion_Fail_Title_Least3/2_New_Discussion_Clicked.png" width="800px"&gt;&lt;/a&gt;</msg>
<arg>${SCREENSHOT_DIR_discussion_Fail_Title_Least3}2_New_Discussion_Clicked.png</arg>
<doc>Takes a screenshot of the current page and embeds it into a log file.</doc>
<status status="PASS" start="2024-11-23T23:16:29.639414" elapsed="0.291721"/>
</kw>
<kw name="Wait Until Element Is Visible" owner="SeleniumLibrary">
<arg>xpath=//span[text()='Choose Tags']</arg>
<arg>timeout=10</arg>
<doc>Waits until the element ``locator`` is visible.</doc>
<status status="PASS" start="2024-11-23T23:16:29.931135" elapsed="0.021375"/>
</kw>
<kw name="Click Element" owner="SeleniumLibrary">
<msg time="2024-11-23T23:16:29.952510" level="INFO">Clicking element 'xpath=//span[contains(text(), 'Choose Tags')]'.</msg>
<arg>xpath=//span[contains(text(), 'Choose Tags')]</arg>
<doc>Click the element identified by ``locator``.</doc>
<status status="PASS" start="2024-11-23T23:16:29.952510" elapsed="0.070109"/>
</kw>
<kw name="Wait Until Element Is Visible" owner="SeleniumLibrary">
<arg>xpath=//div[contains(@class,'Modal-footer')]//ul[contains(@class,'SelectTagList')]//li[span[text()='General']]</arg>
<arg>timeout=5</arg>
<doc>Waits until the element ``locator`` is visible.</doc>
<status status="PASS" start="2024-11-23T23:16:30.022619" elapsed="0.238685"/>
</kw>
<kw name="Scroll Element Into View" owner="SeleniumLibrary">
<arg>xpath=//div[contains(@class,'Modal-footer')]//ul[contains(@class,'SelectTagList')]//li[span[text()='General']]</arg>
<doc>Scrolls the element identified by ``locator`` into view.</doc>
<status status="PASS" start="2024-11-23T23:16:30.261304" elapsed="0.282998"/>
</kw>
<kw name="Click Element" owner="SeleniumLibrary">
<msg time="2024-11-23T23:16:30.546655" level="INFO">Clicking element 'xpath=//div[contains(@class,'Modal-footer')]//ul[contains(@class,'SelectTagList')]//li[span[text()='General']]'.</msg>
<arg>xpath=//div[contains(@class,'Modal-footer')]//ul[contains(@class,'SelectTagList')]//li[span[text()='General']]</arg>
<doc>Click the element identified by ``locator``.</doc>
<status status="PASS" start="2024-11-23T23:16:30.544878" elapsed="0.105444"/>
</kw>
<kw name="Capture Page Screenshot" owner="SeleniumLibrary">
<msg time="2024-11-23T23:16:30.772163" level="INFO" html="true">&lt;/td&gt;&lt;/tr&gt;&lt;tr&gt;&lt;td colspan="3"&gt;&lt;a href="Screenshots/discussion_Fail_Title_Least3/3_Tag_Entered.png"&gt;&lt;img src="Screenshots/discussion_Fail_Title_Least3/3_Tag_Entered.png" width="800px"&gt;&lt;/a&gt;</msg>
<arg>${SCREENSHOT_DIR_discussion_Fail_Title_Least3}3_Tag_Entered.png</arg>
<doc>Takes a screenshot of the current page and embeds it into a log file.</doc>
<status status="PASS" start="2024-11-23T23:16:30.650322" elapsed="0.121841"/>
</kw>
<kw name="Click Button" owner="SeleniumLibrary">
<msg time="2024-11-23T23:16:30.772163" level="INFO">Clicking button 'xpath=//div[contains(@class,'TagDiscussionModal-form-submit')]//button[span[text()='OK']]'.</msg>
<arg>xpath=//div[contains(@class,'TagDiscussionModal-form-submit')]//button[span[text()='OK']]</arg>
<doc>Clicks the button identified by ``locator``.</doc>
<status status="PASS" start="2024-11-23T23:16:30.772163" elapsed="0.078040"/>
</kw>
<kw name="Input Text" owner="SeleniumLibrary">
<msg time="2024-11-23T23:16:30.850709" level="INFO">Typing text 'mu' into text field 'xpath=//input[@placeholder='Discussion Title']'.</msg>
<arg>xpath=//input[@placeholder='Discussion Title']</arg>
<arg>${INVALID_TITLE_LEAST3}</arg>
<doc>Types the given ``text`` into the text field identified by ``locator``.</doc>
<status status="PASS" start="2024-11-23T23:16:30.850203" elapsed="0.081895"/>
</kw>
<kw name="Capture Page Screenshot" owner="SeleniumLibrary">
<msg time="2024-11-23T23:16:31.049157" level="INFO" html="true">&lt;/td&gt;&lt;/tr&gt;&lt;tr&gt;&lt;td colspan="3"&gt;&lt;a href="Screenshots/discussion_Fail_Title_Least3/4_Title_Least3characters.png"&gt;&lt;img src="Screenshots/discussion_Fail_Title_Least3/4_Title_Least3characters.png" width="800px"&gt;&lt;/a&gt;</msg>
<arg>${SCREENSHOT_DIR_discussion_Fail_Title_Least3}4_Title_Least3characters.png</arg>
<doc>Takes a screenshot of the current page and embeds it into a log file.</doc>
<status status="PASS" start="2024-11-23T23:16:30.933108" elapsed="0.116049"/>
</kw>
<kw name="Click Button" owner="SeleniumLibrary">
<msg time="2024-11-23T23:16:31.049157" level="INFO">Clicking button 'xpath=//button[span[contains(text(), 'Post Discussion')]]'.</msg>
<arg>xpath=//button[span[contains(text(), 'Post Discussion')]]</arg>
<doc>Clicks the button identified by ``locator``.</doc>
<status status="PASS" start="2024-11-23T23:16:31.049157" elapsed="0.186142"/>
</kw>
<kw name="Wait Until Element Is Visible" owner="SeleniumLibrary">
<arg>xpath=//div[@id='alerts']//span[@class='Alert-body']</arg>
<arg>timeout=5</arg>
<doc>Waits until the element ``locator`` is visible.</doc>
<status status="PASS" start="2024-11-23T23:16:31.235299" elapsed="0.228099"/>
</kw>
<kw name="Element Should Contain" owner="SeleniumLibrary">
<msg time="2024-11-23T23:16:31.473408" level="INFO">Element 'xpath=//div[@id='alerts']//span[@class='Alert-body']' contains text 'The title must be at least 3 characters.'.</msg>
<arg>xpath=//div[@id='alerts']//span[@class='Alert-body']</arg>
<arg>The title must be at least 3 characters.</arg>
<doc>Verifies that element ``locator`` contains text ``expected``.</doc>
<status status="PASS" start="2024-11-23T23:16:31.463398" elapsed="0.010010"/>
</kw>
<kw name="Capture Page Screenshot" owner="SeleniumLibrary">
<msg time="2024-11-23T23:16:31.580183" level="INFO" html="true">&lt;/td&gt;&lt;/tr&gt;&lt;tr&gt;&lt;td colspan="3"&gt;&lt;a href="Screenshots/discussion_Fail_Title_Least3/5_Alert_title_Least3characters.png"&gt;&lt;img src="Screenshots/discussion_Fail_Title_Least3/5_Alert_title_Least3characters.png" width="800px"&gt;&lt;/a&gt;</msg>
<arg>${SCREENSHOT_DIR_discussion_Fail_Title_Least3}5_Alert_title_Least3characters.png</arg>
<doc>Takes a screenshot of the current page and embeds it into a log file.</doc>
<status status="PASS" start="2024-11-23T23:16:31.489043" elapsed="0.091140"/>
</kw>
<kw name="Click Button" owner="SeleniumLibrary">
<msg time="2024-11-23T23:16:31.580183" level="INFO">Clicking button 'xpath=//div[@id='alerts']//button[@aria-label='Dismiss alert']'.</msg>
<arg>xpath=//div[@id='alerts']//button[@aria-label='Dismiss alert']</arg>
<doc>Clicks the button identified by ``locator``.</doc>
<status status="PASS" start="2024-11-23T23:16:31.580183" elapsed="0.077197"/>
</kw>
<kw name="Close Browser" owner="SeleniumLibrary">
<doc>Closes the current browser.</doc>
<status status="PASS" start="2024-11-23T23:16:31.658523" elapsed="2.320813"/>
</kw>
<status status="PASS" start="2024-11-23T23:16:25.241024" elapsed="8.738312"/>
</test>
<status status="PASS" start="2024-11-23T23:15:59.896926" elapsed="34.083413"/>
</suite>
<statistics>
<total>
<stat pass="4" fail="0" skip="0">All Tests</stat>
</total>
<tag>
</tag>
<suite>
<stat pass="4" fail="0" skip="0" id="s1" name="Discussion">Discussion</stat>
</suite>
</statistics>
<errors>
</errors>
</robot>
